<?xml version="1.0" encoding="UTF-8"?>
<!-- Generated by org.testng.reporters.JUnitXMLReporter -->
<testsuite ignored="12" hostname="IN-BLQ0BK3" failures="9" tests="9" name="EdgeTest" time="3.459" errors="0" timestamp="2022-05-13T22:44:59 IST">
  <testcase classname="com.AdityaGaur_3185083_SeleniumAssignment.test.BaseTest" name="@BeforeTest setup" time="3.436">
    <failure type="org.openqa.selenium.SessionNotCreatedException" message="session not created: This version of MSEdgeDriver only supports MSEdge version 99
Current browser version is 101.0.1210.39 with binary path C:\Program Files (x86)\Microsoft\Edge\Application\msedge.exe
Build info: version: &amp;apos;3.141.59&amp;apos;, revision: &amp;apos;e82be7d358&amp;apos;, time: &amp;apos;2018-11-14T08:17:03&amp;apos;
System info: host: &amp;apos;IN-BLQ0BK3&amp;apos;, ip: &amp;apos;192.168.1.7&amp;apos;, os.name: &amp;apos;Windows 10&amp;apos;, os.arch: &amp;apos;amd64&amp;apos;, os.version: &amp;apos;10.0&amp;apos;, java.version: &amp;apos;11.0.1&amp;apos;
Driver info: driver.version: EdgeDriver
remote stacktrace: Backtrace:
	Microsoft::Applications::Events::EventProperties::unpack [0x00007FF70E9F1932+25346]
	Microsoft::Applications::Events::time_ticks_t::time_ticks_t [0x00007FF70E92E992+515810]
	Ordinal0 [0x00007FF70E440BC5+658373]
	Ordinal0 [0x00007FF70E46B5E0+832992]
	Ordinal0 [0x00007FF70E466B7E+813950]
	Ordinal0 [0x00007FF70E4624EE+795886]
	Ordinal0 [0x00007FF70E49C366+1033062]
	Ordinal0 [0x00007FF70E496A53+1010259]
	Ordinal0 [0x00007FF70E46DB47+842567]
	Ordinal0 [0x00007FF70E46F018+847896]
	Microsoft::Applications::Events::EventProperty::to_string [0x00007FF70E5FF1C8+827304]
	Microsoft::Applications::Events::EventProperty::EventProperty [0x00007FF70E6E9389+34681]
	Microsoft::Applications::Events::EventProperty::EventProperty [0x00007FF70E6EC562+47442]
	Microsoft::Applications::Events::EventProperty::to_string [0x00007FF70E53C6D6+29878]
	Microsoft::Applications::Events::time_ticks_t::time_ticks_t [0x00007FF70E935981+544465]
	Microsoft::Applications::Events::time_ticks_t::time_ticks_t [0x00007FF70E93A984+564948]
	Microsoft::Applications::Events::time_ticks_t::time_ticks_t [0x00007FF70E93AADD+565293]
	Microsoft::Applications::Events::time_ticks_t::time_ticks_t [0x00007FF70E9448CE+605726]
	BaseThreadInitThunk [0x00007FF9C48654E0+16]
	RtlUserThreadStart [0x00007FF9C5DC485B+43]
">
      <![CDATA[org.openqa.selenium.SessionNotCreatedException: session not created: This version of MSEdgeDriver only supports MSEdge version 99
Current browser version is 101.0.1210.39 with binary path C:\Program Files (x86)\Microsoft\Edge\Application\msedge.exe
Build info: version: '3.141.59', revision: 'e82be7d358', time: '2018-11-14T08:17:03'
System info: host: 'IN-BLQ0BK3', ip: '192.168.1.7', os.name: 'Windows 10', os.arch: 'amd64', os.version: '10.0', java.version: '11.0.1'
Driver info: driver.version: EdgeDriver
remote stacktrace: Backtrace:
Microsoft::Applications::Events::EventProperties::unpack [0x00007FF70E9F1932+25346]
Microsoft::Applications::Events::time_ticks_t::time_ticks_t [0x00007FF70E92E992+515810]
Ordinal0 [0x00007FF70E440BC5+658373]
Ordinal0 [0x00007FF70E46B5E0+832992]
Ordinal0 [0x00007FF70E466B7E+813950]
Ordinal0 [0x00007FF70E4624EE+795886]
Ordinal0 [0x00007FF70E49C366+1033062]
Ordinal0 [0x00007FF70E496A53+1010259]
Ordinal0 [0x00007FF70E46DB47+842567]
Ordinal0 [0x00007FF70E46F018+847896]
Microsoft::Applications::Events::EventProperty::to_string [0x00007FF70E5FF1C8+827304]
Microsoft::Applications::Events::EventProperty::EventProperty [0x00007FF70E6E9389+34681]
Microsoft::Applications::Events::EventProperty::EventProperty [0x00007FF70E6EC562+47442]
Microsoft::Applications::Events::EventProperty::to_string [0x00007FF70E53C6D6+29878]
Microsoft::Applications::Events::time_ticks_t::time_ticks_t [0x00007FF70E935981+544465]
Microsoft::Applications::Events::time_ticks_t::time_ticks_t [0x00007FF70E93A984+564948]
Microsoft::Applications::Events::time_ticks_t::time_ticks_t [0x00007FF70E93AADD+565293]
Microsoft::Applications::Events::time_ticks_t::time_ticks_t [0x00007FF70E9448CE+605726]
BaseThreadInitThunk [0x00007FF9C48654E0+16]
RtlUserThreadStart [0x00007FF9C5DC485B+43]

at org.openqa.selenium.remote.W3CHandshakeResponse.lambda$errorHandler$0(W3CHandshakeResponse.java:62)
at org.openqa.selenium.remote.HandshakeResponse.lambda$getResponseFunction$0(HandshakeResponse.java:30)
at org.openqa.selenium.remote.ProtocolHandshake.lambda$createSession$0(ProtocolHandshake.java:126)
at java.base/java.util.stream.ReferencePipeline$3$1.accept(ReferencePipeline.java:195)
at java.base/java.util.Spliterators$ArraySpliterator.tryAdvance(Spliterators.java:958)
at java.base/java.util.stream.ReferencePipeline.forEachWithCancel(ReferencePipeline.java:127)
at java.base/java.util.stream.AbstractPipeline.copyIntoWithCancel(AbstractPipeline.java:502)
at java.base/java.util.stream.AbstractPipeline.copyInto(AbstractPipeline.java:488)
at java.base/java.util.stream.AbstractPipeline.wrapAndCopyInto(AbstractPipeline.java:474)
at java.base/java.util.stream.FindOps$FindOp.evaluateSequential(FindOps.java:150)
at java.base/java.util.stream.AbstractPipeline.evaluate(AbstractPipeline.java:234)
at java.base/java.util.stream.ReferencePipeline.findFirst(ReferencePipeline.java:543)
at org.openqa.selenium.remote.ProtocolHandshake.createSession(ProtocolHandshake.java:128)
at org.openqa.selenium.remote.ProtocolHandshake.createSession(ProtocolHandshake.java:74)
at org.openqa.selenium.remote.HttpCommandExecutor.execute(HttpCommandExecutor.java:136)
at org.openqa.selenium.remote.service.DriverCommandExecutor.execute(DriverCommandExecutor.java:83)
at org.openqa.selenium.remote.RemoteWebDriver.execute(RemoteWebDriver.java:552)
at org.openqa.selenium.remote.RemoteWebDriver.startSession(RemoteWebDriver.java:213)
at org.openqa.selenium.remote.RemoteWebDriver.<init>(RemoteWebDriver.java:131)
at org.openqa.selenium.edge.EdgeDriver.<init>(EdgeDriver.java:141)
at org.openqa.selenium.edge.EdgeDriver.<init>(EdgeDriver.java:96)
at com.AdityaGaur_3185083_SeleniumAssignment.test.BaseTest.setup(BaseTest.java:88)
... Removed 28 stack frames]]>
    </failure>
  </testcase> <!-- @BeforeTest setup -->
  <testcase classname="com.AdityaGaur_3185083_SeleniumAssignment.test.BaseTest" name="@BeforeTest waitTime" time="-1.652462099292E9">
    <skipped/>
  </testcase> <!-- @BeforeTest waitTime -->
  <testcase classname="com.AdityaGaur_3185083_SeleniumAssignment.test.LoginTest" name="validLogin" time="0.0">
    <failure type="org.testng.TestNGException" message="
Parameter &amp;apos;userName&amp;apos; is required by @Test on method validLogin but has not been marked @Optional or defined
in C:\Users\adityagaur02\eclipse-workspace\AdityaGaur_3185083_SeleniumAssignment\testng.xml">
      <![CDATA[org.testng.TestNGException: 
Parameter 'userName' is required by @Test on method validLogin but has not been marked @Optional or defined
in C:\Users\adityagaur02\eclipse-workspace\AdityaGaur_3185083_SeleniumAssignment\testng.xml
at java.base/java.util.ArrayList.forEach(ArrayList.java:1540)
... Removed 26 stack frames]]>
    </failure>
  </testcase> <!-- validLogin -->
  <testcase classname="com.AdityaGaur_3185083_SeleniumAssignment.test.LoginTest" name="InvalidEmail" time="0.0">
    <failure type="org.testng.TestNGException" message="
Parameter &amp;apos;invaliduserName&amp;apos; is required by @Test on method InvalidEmail but has not been marked @Optional or defined
in C:\Users\adityagaur02\eclipse-workspace\AdityaGaur_3185083_SeleniumAssignment\testng.xml">
      <![CDATA[org.testng.TestNGException: 
Parameter 'invaliduserName' is required by @Test on method InvalidEmail but has not been marked @Optional or defined
in C:\Users\adityagaur02\eclipse-workspace\AdityaGaur_3185083_SeleniumAssignment\testng.xml
at java.base/java.util.ArrayList.forEach(ArrayList.java:1540)
... Removed 26 stack frames]]>
    </failure>
  </testcase> <!-- InvalidEmail -->
  <testcase classname="com.AdityaGaur_3185083_SeleniumAssignment.test.LoginTest" name="Invalidpass" time="0.0">
    <failure type="org.testng.TestNGException" message="
Parameter &amp;apos;userName&amp;apos; is required by @Test on method Invalidpass but has not been marked @Optional or defined
in C:\Users\adityagaur02\eclipse-workspace\AdityaGaur_3185083_SeleniumAssignment\testng.xml">
      <![CDATA[org.testng.TestNGException: 
Parameter 'userName' is required by @Test on method Invalidpass but has not been marked @Optional or defined
in C:\Users\adityagaur02\eclipse-workspace\AdityaGaur_3185083_SeleniumAssignment\testng.xml
at java.base/java.util.ArrayList.forEach(ArrayList.java:1540)
... Removed 26 stack frames]]>
    </failure>
  </testcase> <!-- Invalidpass -->
  <testcase classname="com.AdityaGaur_3185083_SeleniumAssignment.test.LoginTest" name="blankLogin" time="0.0">
    <failure type="org.testng.TestNGException" message="
Parameter &amp;apos;blank&amp;apos; is required by @Test on method blankLogin but has not been marked @Optional or defined
in C:\Users\adityagaur02\eclipse-workspace\AdityaGaur_3185083_SeleniumAssignment\testng.xml">
      <![CDATA[org.testng.TestNGException: 
Parameter 'blank' is required by @Test on method blankLogin but has not been marked @Optional or defined
in C:\Users\adityagaur02\eclipse-workspace\AdityaGaur_3185083_SeleniumAssignment\testng.xml
at java.base/java.util.ArrayList.forEach(ArrayList.java:1540)
... Removed 26 stack frames]]>
    </failure>
  </testcase> <!-- blankLogin -->
  <testcase classname="com.AdityaGaur_3185083_SeleniumAssignment.test.HomePageTest" name="searchbox" time="0.0">
    <failure type="org.testng.TestNGException" message="
Cannot inject @Test annotated Method [searchbox] with [class java.lang.String].
For more information on native dependency injection please refer to https://testng.org/doc/documentation-main.html#native-dependency-injection">
      <![CDATA[org.testng.TestNGException: 
Cannot inject @Test annotated Method [searchbox] with [class java.lang.String].
For more information on native dependency injection please refer to https://testng.org/doc/documentation-main.html#native-dependency-injection
at java.base/java.util.ArrayList.forEach(ArrayList.java:1540)
... Removed 26 stack frames]]>
    </failure>
  </testcase> <!-- searchbox -->
  <testcase classname="com.AdityaGaur_3185083_SeleniumAssignment.test.Add2CartTest" name="Add2Cart" time="0.0">
    <failure type="org.testng.TestNGException" message="
Parameter &amp;apos;userName&amp;apos; is required by @Test on method Add2Cart but has not been marked @Optional or defined
in C:\Users\adityagaur02\eclipse-workspace\AdityaGaur_3185083_SeleniumAssignment\testng.xml">
      <![CDATA[org.testng.TestNGException: 
Parameter 'userName' is required by @Test on method Add2Cart but has not been marked @Optional or defined
in C:\Users\adityagaur02\eclipse-workspace\AdityaGaur_3185083_SeleniumAssignment\testng.xml
at java.base/java.util.ArrayList.forEach(ArrayList.java:1540)
... Removed 26 stack frames]]>
    </failure>
  </testcase> <!-- Add2Cart -->
  <testcase classname="com.AdityaGaur_3185083_SeleniumAssignment.test.Add2CartTest" name="RemoveFromCart" time="0.0">
    <failure type="org.testng.TestNGException" message="
Parameter &amp;apos;userName&amp;apos; is required by @Test on method RemoveFromCart but has not been marked @Optional or defined
in C:\Users\adityagaur02\eclipse-workspace\AdityaGaur_3185083_SeleniumAssignment\testng.xml">
      <![CDATA[org.testng.TestNGException: 
Parameter 'userName' is required by @Test on method RemoveFromCart but has not been marked @Optional or defined
in C:\Users\adityagaur02\eclipse-workspace\AdityaGaur_3185083_SeleniumAssignment\testng.xml
at java.base/java.util.ArrayList.forEach(ArrayList.java:1540)
... Removed 26 stack frames]]>
    </failure>
  </testcase> <!-- RemoveFromCart -->
  <testcase classname="com.AdityaGaur_3185083_SeleniumAssignment.test.RegistrationTest" name="validRegistration" time="0.0">
    <failure type="org.testng.TestNGException" message="
Parameter &amp;apos;name&amp;apos; is required by @Test on method validRegistration but has not been marked @Optional or defined
in C:\Users\adityagaur02\eclipse-workspace\AdityaGaur_3185083_SeleniumAssignment\testng.xml">
      <![CDATA[org.testng.TestNGException: 
Parameter 'name' is required by @Test on method validRegistration but has not been marked @Optional or defined
in C:\Users\adityagaur02\eclipse-workspace\AdityaGaur_3185083_SeleniumAssignment\testng.xml
at java.base/java.util.ArrayList.forEach(ArrayList.java:1540)
... Removed 26 stack frames]]>
    </failure>
  </testcase> <!-- validRegistration -->
  <testcase classname="com.AdityaGaur_3185083_SeleniumAssignment.test.RegistrationTest" name="InvalidRegistration" time="0.0">
    <failure type="org.testng.TestNGException" message="
Parameter &amp;apos;name&amp;apos; is required by @Test on method InvalidRegistration but has not been marked @Optional or defined
in C:\Users\adityagaur02\eclipse-workspace\AdityaGaur_3185083_SeleniumAssignment\testng.xml">
      <![CDATA[org.testng.TestNGException: 
Parameter 'name' is required by @Test on method InvalidRegistration but has not been marked @Optional or defined
in C:\Users\adityagaur02\eclipse-workspace\AdityaGaur_3185083_SeleniumAssignment\testng.xml
at java.base/java.util.ArrayList.forEach(ArrayList.java:1540)
... Removed 26 stack frames]]>
    </failure>
  </testcase> <!-- InvalidRegistration -->
  <testcase classname="com.AdityaGaur_3185083_SeleniumAssignment.test.BaseTest" name="@BeforeSuite setExtent" time="0.0">
    <ignored/>
  </testcase> <!-- @BeforeSuite setExtent -->
  <testcase classname="com.AdityaGaur_3185083_SeleniumAssignment.test.BaseTest" name="@BeforeSuite setExtent" time="0.0">
    <ignored/>
  </testcase> <!-- @BeforeSuite setExtent -->
  <testcase classname="com.AdityaGaur_3185083_SeleniumAssignment.test.BaseTest" name="@BeforeSuite setExtent" time="0.0">
    <ignored/>
  </testcase> <!-- @BeforeSuite setExtent -->
  <testcase classname="com.AdityaGaur_3185083_SeleniumAssignment.test.BaseTest" name="@BeforeTest waitTime" time="0.0">
    <ignored/>
  </testcase> <!-- @BeforeTest waitTime -->
  <testcase classname="com.AdityaGaur_3185083_SeleniumAssignment.test.BaseTest" name="@BeforeTest waitTime" time="0.0">
    <ignored/>
  </testcase> <!-- @BeforeTest waitTime -->
  <testcase classname="com.AdityaGaur_3185083_SeleniumAssignment.test.BaseTest" name="@BeforeTest waitTime" time="0.0">
    <ignored/>
  </testcase> <!-- @BeforeTest waitTime -->
  <testcase classname="com.AdityaGaur_3185083_SeleniumAssignment.test.BaseTest" name="@AfterSuite endReport" time="0.0">
    <ignored/>
  </testcase> <!-- @AfterSuite endReport -->
  <testcase classname="com.AdityaGaur_3185083_SeleniumAssignment.test.BaseTest" name="@AfterSuite endReport" time="0.0">
    <ignored/>
  </testcase> <!-- @AfterSuite endReport -->
  <testcase classname="com.AdityaGaur_3185083_SeleniumAssignment.test.BaseTest" name="@AfterSuite endReport" time="0.0">
    <ignored/>
  </testcase> <!-- @AfterSuite endReport -->
  <testcase classname="com.AdityaGaur_3185083_SeleniumAssignment.test.BaseTest" name="@BeforeTest setup" time="0.0">
    <ignored/>
  </testcase> <!-- @BeforeTest setup -->
  <testcase classname="com.AdityaGaur_3185083_SeleniumAssignment.test.BaseTest" name="@BeforeTest setup" time="0.0">
    <ignored/>
  </testcase> <!-- @BeforeTest setup -->
  <testcase classname="com.AdityaGaur_3185083_SeleniumAssignment.test.BaseTest" name="@BeforeTest setup" time="0.0">
    <ignored/>
  </testcase> <!-- @BeforeTest setup -->
</testsuite> <!-- EdgeTest -->
