<?xml version="1.0" encoding="UTF-8"?>
<!-- Generated by org.testng.reporters.JUnitXMLReporter -->
<testsuite ignored="12" hostname="IN-BLQ0BK3" failures="9" tests="9" name="FirefoxTest" time="0.064" errors="0" timestamp="2022-05-13T22:44:55 IST">
  <testcase classname="com.AdityaGaur_3185083_SeleniumAssignment.test.BaseTest" name="@BeforeTest setup" time="0.024">
    <failure type="java.lang.IllegalStateException" message="The driver executable does not exist: C:\Drivers\geckodriver.exe">
      <![CDATA[java.lang.IllegalStateException: The driver executable does not exist: C:\Drivers\geckodriver.exe
at com.google.common.base.Preconditions.checkState(Preconditions.java:585)
at org.openqa.selenium.remote.service.DriverService.checkExecutable(DriverService.java:146)
at org.openqa.selenium.remote.service.DriverService.findExecutable(DriverService.java:141)
at org.openqa.selenium.firefox.GeckoDriverService.access$100(GeckoDriverService.java:44)
at org.openqa.selenium.firefox.GeckoDriverService$Builder.findDefaultExecutable(GeckoDriverService.java:167)
at org.openqa.selenium.remote.service.DriverService$Builder.build(DriverService.java:355)
at org.openqa.selenium.firefox.FirefoxDriver.toExecutor(FirefoxDriver.java:190)
at org.openqa.selenium.firefox.FirefoxDriver.<init>(FirefoxDriver.java:147)
at org.openqa.selenium.firefox.FirefoxDriver.<init>(FirefoxDriver.java:125)
at com.AdityaGaur_3185083_SeleniumAssignment.test.BaseTest.setup(BaseTest.java:74)
... Removed 24 stack frames]]>
    </failure>
  </testcase> <!-- @BeforeTest setup -->
  <testcase classname="com.AdityaGaur_3185083_SeleniumAssignment.test.BaseTest" name="@BeforeTest waitTime" time="-1.652462095794E9">
    <skipped/>
  </testcase> <!-- @BeforeTest waitTime -->
  <testcase classname="com.AdityaGaur_3185083_SeleniumAssignment.test.LoginTest" name="validLogin" time="0.0">
    <failure type="org.testng.TestNGException" message="
Parameter &amp;apos;userName&amp;apos; is required by @Test on method validLogin but has not been marked @Optional or defined
in C:\Users\adityagaur02\eclipse-workspace\AdityaGaur_3185083_SeleniumAssignment\testng.xml">
      <![CDATA[org.testng.TestNGException: 
Parameter 'userName' is required by @Test on method validLogin but has not been marked @Optional or defined
in C:\Users\adityagaur02\eclipse-workspace\AdityaGaur_3185083_SeleniumAssignment\testng.xml
at java.base/java.util.ArrayList.forEach(ArrayList.java:1540)
... Removed 26 stack frames]]>
    </failure>
  </testcase> <!-- validLogin -->
  <testcase classname="com.AdityaGaur_3185083_SeleniumAssignment.test.LoginTest" name="InvalidEmail" time="0.0">
    <failure type="org.testng.TestNGException" message="
Parameter &amp;apos;invaliduserName&amp;apos; is required by @Test on method InvalidEmail but has not been marked @Optional or defined
in C:\Users\adityagaur02\eclipse-workspace\AdityaGaur_3185083_SeleniumAssignment\testng.xml">
      <![CDATA[org.testng.TestNGException: 
Parameter 'invaliduserName' is required by @Test on method InvalidEmail but has not been marked @Optional or defined
in C:\Users\adityagaur02\eclipse-workspace\AdityaGaur_3185083_SeleniumAssignment\testng.xml
at java.base/java.util.ArrayList.forEach(ArrayList.java:1540)
... Removed 26 stack frames]]>
    </failure>
  </testcase> <!-- InvalidEmail -->
  <testcase classname="com.AdityaGaur_3185083_SeleniumAssignment.test.LoginTest" name="Invalidpass" time="0.0">
    <failure type="org.testng.TestNGException" message="
Parameter &amp;apos;userName&amp;apos; is required by @Test on method Invalidpass but has not been marked @Optional or defined
in C:\Users\adityagaur02\eclipse-workspace\AdityaGaur_3185083_SeleniumAssignment\testng.xml">
      <![CDATA[org.testng.TestNGException: 
Parameter 'userName' is required by @Test on method Invalidpass but has not been marked @Optional or defined
in C:\Users\adityagaur02\eclipse-workspace\AdityaGaur_3185083_SeleniumAssignment\testng.xml
at java.base/java.util.ArrayList.forEach(ArrayList.java:1540)
... Removed 26 stack frames]]>
    </failure>
  </testcase> <!-- Invalidpass -->
  <testcase classname="com.AdityaGaur_3185083_SeleniumAssignment.test.LoginTest" name="blankLogin" time="0.0">
    <failure type="org.testng.TestNGException" message="
Parameter &amp;apos;blank&amp;apos; is required by @Test on method blankLogin but has not been marked @Optional or defined
in C:\Users\adityagaur02\eclipse-workspace\AdityaGaur_3185083_SeleniumAssignment\testng.xml">
      <![CDATA[org.testng.TestNGException: 
Parameter 'blank' is required by @Test on method blankLogin but has not been marked @Optional or defined
in C:\Users\adityagaur02\eclipse-workspace\AdityaGaur_3185083_SeleniumAssignment\testng.xml
at java.base/java.util.ArrayList.forEach(ArrayList.java:1540)
... Removed 26 stack frames]]>
    </failure>
  </testcase> <!-- blankLogin -->
  <testcase classname="com.AdityaGaur_3185083_SeleniumAssignment.test.HomePageTest" name="searchbox" time="0.0">
    <failure type="org.testng.TestNGException" message="
Cannot inject @Test annotated Method [searchbox] with [class java.lang.String].
For more information on native dependency injection please refer to https://testng.org/doc/documentation-main.html#native-dependency-injection">
      <![CDATA[org.testng.TestNGException: 
Cannot inject @Test annotated Method [searchbox] with [class java.lang.String].
For more information on native dependency injection please refer to https://testng.org/doc/documentation-main.html#native-dependency-injection
at java.base/java.util.ArrayList.forEach(ArrayList.java:1540)
... Removed 26 stack frames]]>
    </failure>
  </testcase> <!-- searchbox -->
  <testcase classname="com.AdityaGaur_3185083_SeleniumAssignment.test.Add2CartTest" name="Add2Cart" time="0.0">
    <failure type="org.testng.TestNGException" message="
Parameter &amp;apos;userName&amp;apos; is required by @Test on method Add2Cart but has not been marked @Optional or defined
in C:\Users\adityagaur02\eclipse-workspace\AdityaGaur_3185083_SeleniumAssignment\testng.xml">
      <![CDATA[org.testng.TestNGException: 
Parameter 'userName' is required by @Test on method Add2Cart but has not been marked @Optional or defined
in C:\Users\adityagaur02\eclipse-workspace\AdityaGaur_3185083_SeleniumAssignment\testng.xml
at java.base/java.util.ArrayList.forEach(ArrayList.java:1540)
... Removed 26 stack frames]]>
    </failure>
  </testcase> <!-- Add2Cart -->
  <testcase classname="com.AdityaGaur_3185083_SeleniumAssignment.test.Add2CartTest" name="RemoveFromCart" time="0.0">
    <failure type="org.testng.TestNGException" message="
Parameter &amp;apos;userName&amp;apos; is required by @Test on method RemoveFromCart but has not been marked @Optional or defined
in C:\Users\adityagaur02\eclipse-workspace\AdityaGaur_3185083_SeleniumAssignment\testng.xml">
      <![CDATA[org.testng.TestNGException: 
Parameter 'userName' is required by @Test on method RemoveFromCart but has not been marked @Optional or defined
in C:\Users\adityagaur02\eclipse-workspace\AdityaGaur_3185083_SeleniumAssignment\testng.xml
at java.base/java.util.ArrayList.forEach(ArrayList.java:1540)
... Removed 26 stack frames]]>
    </failure>
  </testcase> <!-- RemoveFromCart -->
  <testcase classname="com.AdityaGaur_3185083_SeleniumAssignment.test.RegistrationTest" name="validRegistration" time="0.0">
    <failure type="org.testng.TestNGException" message="
Parameter &amp;apos;name&amp;apos; is required by @Test on method validRegistration but has not been marked @Optional or defined
in C:\Users\adityagaur02\eclipse-workspace\AdityaGaur_3185083_SeleniumAssignment\testng.xml">
      <![CDATA[org.testng.TestNGException: 
Parameter 'name' is required by @Test on method validRegistration but has not been marked @Optional or defined
in C:\Users\adityagaur02\eclipse-workspace\AdityaGaur_3185083_SeleniumAssignment\testng.xml
at java.base/java.util.ArrayList.forEach(ArrayList.java:1540)
... Removed 26 stack frames]]>
    </failure>
  </testcase> <!-- validRegistration -->
  <testcase classname="com.AdityaGaur_3185083_SeleniumAssignment.test.RegistrationTest" name="InvalidRegistration" time="0.0">
    <failure type="org.testng.TestNGException" message="
Parameter &amp;apos;name&amp;apos; is required by @Test on method InvalidRegistration but has not been marked @Optional or defined
in C:\Users\adityagaur02\eclipse-workspace\AdityaGaur_3185083_SeleniumAssignment\testng.xml">
      <![CDATA[org.testng.TestNGException: 
Parameter 'name' is required by @Test on method InvalidRegistration but has not been marked @Optional or defined
in C:\Users\adityagaur02\eclipse-workspace\AdityaGaur_3185083_SeleniumAssignment\testng.xml
at java.base/java.util.ArrayList.forEach(ArrayList.java:1540)
... Removed 26 stack frames]]>
    </failure>
  </testcase> <!-- InvalidRegistration -->
  <testcase classname="com.AdityaGaur_3185083_SeleniumAssignment.test.BaseTest" name="@BeforeSuite setExtent" time="0.0">
    <ignored/>
  </testcase> <!-- @BeforeSuite setExtent -->
  <testcase classname="com.AdityaGaur_3185083_SeleniumAssignment.test.BaseTest" name="@BeforeSuite setExtent" time="0.0">
    <ignored/>
  </testcase> <!-- @BeforeSuite setExtent -->
  <testcase classname="com.AdityaGaur_3185083_SeleniumAssignment.test.BaseTest" name="@BeforeSuite setExtent" time="0.0">
    <ignored/>
  </testcase> <!-- @BeforeSuite setExtent -->
  <testcase classname="com.AdityaGaur_3185083_SeleniumAssignment.test.BaseTest" name="@BeforeTest waitTime" time="0.0">
    <ignored/>
  </testcase> <!-- @BeforeTest waitTime -->
  <testcase classname="com.AdityaGaur_3185083_SeleniumAssignment.test.BaseTest" name="@BeforeTest waitTime" time="0.0">
    <ignored/>
  </testcase> <!-- @BeforeTest waitTime -->
  <testcase classname="com.AdityaGaur_3185083_SeleniumAssignment.test.BaseTest" name="@BeforeTest waitTime" time="0.0">
    <ignored/>
  </testcase> <!-- @BeforeTest waitTime -->
  <testcase classname="com.AdityaGaur_3185083_SeleniumAssignment.test.BaseTest" name="@AfterSuite endReport" time="0.0">
    <ignored/>
  </testcase> <!-- @AfterSuite endReport -->
  <testcase classname="com.AdityaGaur_3185083_SeleniumAssignment.test.BaseTest" name="@AfterSuite endReport" time="0.0">
    <ignored/>
  </testcase> <!-- @AfterSuite endReport -->
  <testcase classname="com.AdityaGaur_3185083_SeleniumAssignment.test.BaseTest" name="@AfterSuite endReport" time="0.0">
    <ignored/>
  </testcase> <!-- @AfterSuite endReport -->
  <testcase classname="com.AdityaGaur_3185083_SeleniumAssignment.test.BaseTest" name="@BeforeTest setup" time="0.0">
    <ignored/>
  </testcase> <!-- @BeforeTest setup -->
  <testcase classname="com.AdityaGaur_3185083_SeleniumAssignment.test.BaseTest" name="@BeforeTest setup" time="0.0">
    <ignored/>
  </testcase> <!-- @BeforeTest setup -->
  <testcase classname="com.AdityaGaur_3185083_SeleniumAssignment.test.BaseTest" name="@BeforeTest setup" time="0.0">
    <ignored/>
  </testcase> <!-- @BeforeTest setup -->
</testsuite> <!-- FirefoxTest -->
