<!DOCTYPE html PUBLIC "-//W3C//DTD XHTML 1.1//EN" "https://www.w3.org/TR/xhtml11/DTD/xhtml11.dtd">
<html xmlns="https://www.w3.org/1999/xhtml">
<head>
<meta http-equiv="content-type" content="text/html; charset=UTF-8"/>
<title>TestNG Report</title>
<style type="text/css">table {margin-bottom:10px;border-collapse:collapse;empty-cells:show}th,td {border:1px solid #009;padding:.25em .5em}th {vertical-align:bottom}td {vertical-align:top}table a {font-weight:bold}.stripe td {background-color: #E6EBF9}.num {text-align:right}.passedodd td {background-color: #3F3}.passedeven td {background-color: #0A0}.skippedodd td {background-color: #DDD}.skippedeven td {background-color: #CCC}.failedodd td,.attn {background-color: #F33}.failedeven td,.stripe .attn {background-color: #D00}.stacktrace {white-space:pre;font-family:monospace}.totop {font-size:85%;text-align:center;border-bottom:2px solid #000}.invisible {display:none}</style>
</head>
<body>
<table>
<tr><th>Test</th><th># Passed</th><th># Skipped</th><th># Retried</th><th># Failed</th><th>Time (ms)</th><th>Included Groups</th><th>Excluded Groups</th></tr>
<tr><th colspan="8">Suite</th></tr>
<tr><td><a href="#t0">Test</a></td><td class="num">0</td><td class="num">0</td><td class="num">0</td><td class="num">0</td><td class="num">7</td><td></td><td></td></tr>
<tr class="stripe"><td><a href="#t1">ChromeTest</a></td><td class="num">0</td><td class="num">0</td><td class="num">0</td><td class="num attn">9</td><td class="num">1,883</td><td></td><td></td></tr>
<tr><td><a href="#t2">FirefoxTest</a></td><td class="num">0</td><td class="num">0</td><td class="num">0</td><td class="num attn">9</td><td class="num">64</td><td></td><td></td></tr>
<tr class="stripe"><td><a href="#t3">EdgeTest</a></td><td class="num">0</td><td class="num">0</td><td class="num">0</td><td class="num attn">9</td><td class="num">3,459</td><td></td><td></td></tr>
<tr><th>Total</th><th class="num">0</th><th class="num">0</th><th class="num">0</th><th class="num attn">27</th><th class="num">5,413</th><th colspan="2"></th></tr>
</table>
<table id='summary'><thead><tr><th>Class</th><th>Method</th><th>Start</th><th>Time (ms)</th></tr></thead><tbody><tr><th colspan="4">Suite</th></tr></tbody><tbody id="t0"><tr><th colspan="4" class="invisible"/></tr></tbody>
<tbody id="t1"><tr><th colspan="4">ChromeTest &#8212; failed</th></tr><tr class="failedeven"><td rowspan="2">com.AdityaGaur_3185083_SeleniumAssignment.test.Add2CartTest</td><td><a href="#m0">Add2Cart</a></td><td rowspan="1">1652462095720</td><td rowspan="1">0</td></tr><tr class="failedeven"><td><a href="#m1">RemoveFromCart</a></td><td rowspan="1">1652462095724</td><td rowspan="1">0</td></tr><tr class="failedodd"><td rowspan="1">com.AdityaGaur_3185083_SeleniumAssignment.test.HomePageTest</td><td><a href="#m2">searchbox</a></td><td rowspan="1">1652462095717</td><td rowspan="1">0</td></tr><tr class="failedeven"><td rowspan="4">com.AdityaGaur_3185083_SeleniumAssignment.test.LoginTest</td><td><a href="#m3">InvalidEmail</a></td><td rowspan="1">1652462095706</td><td rowspan="1">0</td></tr><tr class="failedeven"><td><a href="#m4">Invalidpass</a></td><td rowspan="1">1652462095710</td><td rowspan="1">0</td></tr><tr class="failedeven"><td><a href="#m5">blankLogin</a></td><td rowspan="1">1652462095713</td><td rowspan="1">0</td></tr><tr class="failedeven"><td><a href="#m6">validLogin</a></td><td rowspan="1">1652462095697</td><td rowspan="1">0</td></tr><tr class="failedodd"><td rowspan="2">com.AdityaGaur_3185083_SeleniumAssignment.test.RegistrationTest</td><td><a href="#m7">InvalidRegistration</a></td><td rowspan="1">1652462095731</td><td rowspan="1">0</td></tr><tr class="failedodd"><td><a href="#m8">validRegistration</a></td><td rowspan="1">1652462095728</td><td rowspan="1">0</td></tr></tbody>
<tbody id="t2"><tr><th colspan="4">FirefoxTest &#8212; failed (configuration methods)</th></tr><tr class="failedeven"><td rowspan="1">com.AdityaGaur_3185083_SeleniumAssignment.test.LoginTest</td><td><a href="#m9">setup</a></td><td rowspan="1">1652462095767</td><td rowspan="1">24</td></tr><tr><th colspan="4">FirefoxTest &#8212; failed</th></tr><tr class="failedeven"><td rowspan="2">com.AdityaGaur_3185083_SeleniumAssignment.test.Add2CartTest</td><td><a href="#m10">Add2Cart</a></td><td rowspan="1">1652462095815</td><td rowspan="1">0</td></tr><tr class="failedeven"><td><a href="#m11">RemoveFromCart</a></td><td rowspan="1">1652462095817</td><td rowspan="1">0</td></tr><tr class="failedodd"><td rowspan="1">com.AdityaGaur_3185083_SeleniumAssignment.test.HomePageTest</td><td><a href="#m12">searchbox</a></td><td rowspan="1">1652462095810</td><td rowspan="1">0</td></tr><tr class="failedeven"><td rowspan="4">com.AdityaGaur_3185083_SeleniumAssignment.test.LoginTest</td><td><a href="#m13">InvalidEmail</a></td><td rowspan="1">1652462095801</td><td rowspan="1">0</td></tr><tr class="failedeven"><td><a href="#m14">Invalidpass</a></td><td rowspan="1">1652462095803</td><td rowspan="1">0</td></tr><tr class="failedeven"><td><a href="#m15">blankLogin</a></td><td rowspan="1">1652462095806</td><td rowspan="1">0</td></tr><tr class="failedeven"><td><a href="#m16">validLogin</a></td><td rowspan="1">1652462095798</td><td rowspan="1">0</td></tr><tr class="failedodd"><td rowspan="2">com.AdityaGaur_3185083_SeleniumAssignment.test.RegistrationTest</td><td><a href="#m17">InvalidRegistration</a></td><td rowspan="1">1652462095828</td><td rowspan="1">0</td></tr><tr class="failedodd"><td><a href="#m18">validRegistration</a></td><td rowspan="1">1652462095821</td><td rowspan="1">0</td></tr><tr><th colspan="4">FirefoxTest &#8212; skipped (configuration methods)</th></tr><tr class="skippedeven"><td rowspan="1">com.AdityaGaur_3185083_SeleniumAssignment.test.LoginTest</td><td><a href="#m19">waitTime</a></td><td rowspan="1">1652462095794</td><td rowspan="1">-1652462095794</td></tr></tbody>
<tbody id="t3"><tr><th colspan="4">EdgeTest &#8212; failed (configuration methods)</th></tr><tr class="failedeven"><td rowspan="1">com.AdityaGaur_3185083_SeleniumAssignment.test.LoginTest</td><td><a href="#m20">setup</a></td><td rowspan="1">1652462095851</td><td rowspan="1">3436</td></tr><tr><th colspan="4">EdgeTest &#8212; failed</th></tr><tr class="failedeven"><td rowspan="2">com.AdityaGaur_3185083_SeleniumAssignment.test.Add2CartTest</td><td><a href="#m21">Add2Cart</a></td><td rowspan="1">1652462099303</td><td rowspan="1">0</td></tr><tr class="failedeven"><td><a href="#m22">RemoveFromCart</a></td><td rowspan="1">1652462099304</td><td rowspan="1">0</td></tr><tr class="failedodd"><td rowspan="1">com.AdityaGaur_3185083_SeleniumAssignment.test.HomePageTest</td><td><a href="#m23">searchbox</a></td><td rowspan="1">1652462099301</td><td rowspan="1">0</td></tr><tr class="failedeven"><td rowspan="4">com.AdityaGaur_3185083_SeleniumAssignment.test.LoginTest</td><td><a href="#m24">InvalidEmail</a></td><td rowspan="1">1652462099297</td><td rowspan="1">0</td></tr><tr class="failedeven"><td><a href="#m25">Invalidpass</a></td><td rowspan="1">1652462099298</td><td rowspan="1">0</td></tr><tr class="failedeven"><td><a href="#m26">blankLogin</a></td><td rowspan="1">1652462099300</td><td rowspan="1">0</td></tr><tr class="failedeven"><td><a href="#m27">validLogin</a></td><td rowspan="1">1652462099295</td><td rowspan="1">0</td></tr><tr class="failedodd"><td rowspan="2">com.AdityaGaur_3185083_SeleniumAssignment.test.RegistrationTest</td><td><a href="#m28">InvalidRegistration</a></td><td rowspan="1">1652462099308</td><td rowspan="1">0</td></tr><tr class="failedodd"><td><a href="#m29">validRegistration</a></td><td rowspan="1">1652462099305</td><td rowspan="1">0</td></tr><tr><th colspan="4">EdgeTest &#8212; skipped (configuration methods)</th></tr><tr class="skippedeven"><td rowspan="2">com.AdityaGaur_3185083_SeleniumAssignment.test.LoginTest</td><td><a href="#m30">endReport</a></td><td rowspan="1">1652462099332</td><td rowspan="1">-1652462099332</td></tr><tr class="skippedeven"><td><a href="#m31">waitTime</a></td><td rowspan="1">1652462099292</td><td rowspan="1">-1652462099292</td></tr></tbody>
</table>
<h2>Test</h2><h2>ChromeTest</h2><h3 id="m0">com.AdityaGaur_3185083_SeleniumAssignment.test.Add2CartTest#Add2Cart</h3><table class="result"><tr><th>Exception</th></tr><tr><td><div class="stacktrace">org.testng.TestNGException: 
Parameter &apos;userName&apos; is required by @Test on method Add2Cart but has not been marked @Optional or defined
in C:\Users\adityagaur02\eclipse-workspace\AdityaGaur_3185083_SeleniumAssignment\testng.xml
	at java.base/java.util.ArrayList.forEach(ArrayList.java:1540)
... Removed 26 stack frames</div></td></tr></table><p class="totop"><a href="#summary">back to summary</a></p>
<h3 id="m1">com.AdityaGaur_3185083_SeleniumAssignment.test.Add2CartTest#RemoveFromCart</h3><table class="result"><tr><th>Exception</th></tr><tr><td><div class="stacktrace">org.testng.TestNGException: 
Parameter &apos;userName&apos; is required by @Test on method RemoveFromCart but has not been marked @Optional or defined
in C:\Users\adityagaur02\eclipse-workspace\AdityaGaur_3185083_SeleniumAssignment\testng.xml
	at java.base/java.util.ArrayList.forEach(ArrayList.java:1540)
... Removed 26 stack frames</div></td></tr></table><p class="totop"><a href="#summary">back to summary</a></p>
<h3 id="m2">com.AdityaGaur_3185083_SeleniumAssignment.test.HomePageTest#searchbox</h3><table class="result"><tr><th>Exception</th></tr><tr><td><div class="stacktrace">org.testng.TestNGException: 
Cannot inject @Test annotated Method [searchbox] with [class java.lang.String].
For more information on native dependency injection please refer to https://testng.org/doc/documentation-main.html#native-dependency-injection
	at java.base/java.util.ArrayList.forEach(ArrayList.java:1540)
... Removed 26 stack frames</div></td></tr></table><p class="totop"><a href="#summary">back to summary</a></p>
<h3 id="m3">com.AdityaGaur_3185083_SeleniumAssignment.test.LoginTest#InvalidEmail</h3><table class="result"><tr><th>Exception</th></tr><tr><td><div class="stacktrace">org.testng.TestNGException: 
Parameter &apos;invaliduserName&apos; is required by @Test on method InvalidEmail but has not been marked @Optional or defined
in C:\Users\adityagaur02\eclipse-workspace\AdityaGaur_3185083_SeleniumAssignment\testng.xml
	at java.base/java.util.ArrayList.forEach(ArrayList.java:1540)
... Removed 26 stack frames</div></td></tr></table><p class="totop"><a href="#summary">back to summary</a></p>
<h3 id="m4">com.AdityaGaur_3185083_SeleniumAssignment.test.LoginTest#Invalidpass</h3><table class="result"><tr><th>Exception</th></tr><tr><td><div class="stacktrace">org.testng.TestNGException: 
Parameter &apos;userName&apos; is required by @Test on method Invalidpass but has not been marked @Optional or defined
in C:\Users\adityagaur02\eclipse-workspace\AdityaGaur_3185083_SeleniumAssignment\testng.xml
	at java.base/java.util.ArrayList.forEach(ArrayList.java:1540)
... Removed 26 stack frames</div></td></tr></table><p class="totop"><a href="#summary">back to summary</a></p>
<h3 id="m5">com.AdityaGaur_3185083_SeleniumAssignment.test.LoginTest#blankLogin</h3><table class="result"><tr><th>Exception</th></tr><tr><td><div class="stacktrace">org.testng.TestNGException: 
Parameter &apos;blank&apos; is required by @Test on method blankLogin but has not been marked @Optional or defined
in C:\Users\adityagaur02\eclipse-workspace\AdityaGaur_3185083_SeleniumAssignment\testng.xml
	at java.base/java.util.ArrayList.forEach(ArrayList.java:1540)
... Removed 26 stack frames</div></td></tr></table><p class="totop"><a href="#summary">back to summary</a></p>
<h3 id="m6">com.AdityaGaur_3185083_SeleniumAssignment.test.LoginTest#validLogin</h3><table class="result"><tr><th>Exception</th></tr><tr><td><div class="stacktrace">org.testng.TestNGException: 
Parameter &apos;userName&apos; is required by @Test on method validLogin but has not been marked @Optional or defined
in C:\Users\adityagaur02\eclipse-workspace\AdityaGaur_3185083_SeleniumAssignment\testng.xml
	at java.base/java.util.ArrayList.forEach(ArrayList.java:1540)
... Removed 26 stack frames</div></td></tr></table><p class="totop"><a href="#summary">back to summary</a></p>
<h3 id="m7">com.AdityaGaur_3185083_SeleniumAssignment.test.RegistrationTest#InvalidRegistration</h3><table class="result"><tr><th>Exception</th></tr><tr><td><div class="stacktrace">org.testng.TestNGException: 
Parameter &apos;name&apos; is required by @Test on method InvalidRegistration but has not been marked @Optional or defined
in C:\Users\adityagaur02\eclipse-workspace\AdityaGaur_3185083_SeleniumAssignment\testng.xml
	at java.base/java.util.ArrayList.forEach(ArrayList.java:1540)
... Removed 26 stack frames</div></td></tr></table><p class="totop"><a href="#summary">back to summary</a></p>
<h3 id="m8">com.AdityaGaur_3185083_SeleniumAssignment.test.RegistrationTest#validRegistration</h3><table class="result"><tr><th>Exception</th></tr><tr><td><div class="stacktrace">org.testng.TestNGException: 
Parameter &apos;name&apos; is required by @Test on method validRegistration but has not been marked @Optional or defined
in C:\Users\adityagaur02\eclipse-workspace\AdityaGaur_3185083_SeleniumAssignment\testng.xml
	at java.base/java.util.ArrayList.forEach(ArrayList.java:1540)
... Removed 26 stack frames</div></td></tr></table><p class="totop"><a href="#summary">back to summary</a></p>
<h2>FirefoxTest</h2><h3 id="m9">com.AdityaGaur_3185083_SeleniumAssignment.test.LoginTest#setup</h3><table class="result"><tr class="param"><th>Parameter #1</th></tr><tr class="param stripe"><td>Firefox</td></tr><tr><th>Exception</th></tr><tr><td><div class="stacktrace">java.lang.IllegalStateException: The driver executable does not exist: C:\Drivers\geckodriver.exe
	at com.google.common.base.Preconditions.checkState(Preconditions.java:585)
	at org.openqa.selenium.remote.service.DriverService.checkExecutable(DriverService.java:146)
	at org.openqa.selenium.remote.service.DriverService.findExecutable(DriverService.java:141)
	at org.openqa.selenium.firefox.GeckoDriverService.access$100(GeckoDriverService.java:44)
	at org.openqa.selenium.firefox.GeckoDriverService$Builder.findDefaultExecutable(GeckoDriverService.java:167)
	at org.openqa.selenium.remote.service.DriverService$Builder.build(DriverService.java:355)
	at org.openqa.selenium.firefox.FirefoxDriver.toExecutor(FirefoxDriver.java:190)
	at org.openqa.selenium.firefox.FirefoxDriver.&lt;init&gt;(FirefoxDriver.java:147)
	at org.openqa.selenium.firefox.FirefoxDriver.&lt;init&gt;(FirefoxDriver.java:125)
	at com.AdityaGaur_3185083_SeleniumAssignment.test.BaseTest.setup(BaseTest.java:74)
... Removed 24 stack frames</div></td></tr></table><p class="totop"><a href="#summary">back to summary</a></p>
<h3 id="m10">com.AdityaGaur_3185083_SeleniumAssignment.test.Add2CartTest#Add2Cart</h3><table class="result"><tr><th>Exception</th></tr><tr><td><div class="stacktrace">org.testng.TestNGException: 
Parameter &apos;userName&apos; is required by @Test on method Add2Cart but has not been marked @Optional or defined
in C:\Users\adityagaur02\eclipse-workspace\AdityaGaur_3185083_SeleniumAssignment\testng.xml
	at java.base/java.util.ArrayList.forEach(ArrayList.java:1540)
... Removed 26 stack frames</div></td></tr></table><p class="totop"><a href="#summary">back to summary</a></p>
<h3 id="m11">com.AdityaGaur_3185083_SeleniumAssignment.test.Add2CartTest#RemoveFromCart</h3><table class="result"><tr><th>Exception</th></tr><tr><td><div class="stacktrace">org.testng.TestNGException: 
Parameter &apos;userName&apos; is required by @Test on method RemoveFromCart but has not been marked @Optional or defined
in C:\Users\adityagaur02\eclipse-workspace\AdityaGaur_3185083_SeleniumAssignment\testng.xml
	at java.base/java.util.ArrayList.forEach(ArrayList.java:1540)
... Removed 26 stack frames</div></td></tr></table><p class="totop"><a href="#summary">back to summary</a></p>
<h3 id="m12">com.AdityaGaur_3185083_SeleniumAssignment.test.HomePageTest#searchbox</h3><table class="result"><tr><th>Exception</th></tr><tr><td><div class="stacktrace">org.testng.TestNGException: 
Cannot inject @Test annotated Method [searchbox] with [class java.lang.String].
For more information on native dependency injection please refer to https://testng.org/doc/documentation-main.html#native-dependency-injection
	at java.base/java.util.ArrayList.forEach(ArrayList.java:1540)
... Removed 26 stack frames</div></td></tr></table><p class="totop"><a href="#summary">back to summary</a></p>
<h3 id="m13">com.AdityaGaur_3185083_SeleniumAssignment.test.LoginTest#InvalidEmail</h3><table class="result"><tr><th>Exception</th></tr><tr><td><div class="stacktrace">org.testng.TestNGException: 
Parameter &apos;invaliduserName&apos; is required by @Test on method InvalidEmail but has not been marked @Optional or defined
in C:\Users\adityagaur02\eclipse-workspace\AdityaGaur_3185083_SeleniumAssignment\testng.xml
	at java.base/java.util.ArrayList.forEach(ArrayList.java:1540)
... Removed 26 stack frames</div></td></tr></table><p class="totop"><a href="#summary">back to summary</a></p>
<h3 id="m14">com.AdityaGaur_3185083_SeleniumAssignment.test.LoginTest#Invalidpass</h3><table class="result"><tr><th>Exception</th></tr><tr><td><div class="stacktrace">org.testng.TestNGException: 
Parameter &apos;userName&apos; is required by @Test on method Invalidpass but has not been marked @Optional or defined
in C:\Users\adityagaur02\eclipse-workspace\AdityaGaur_3185083_SeleniumAssignment\testng.xml
	at java.base/java.util.ArrayList.forEach(ArrayList.java:1540)
... Removed 26 stack frames</div></td></tr></table><p class="totop"><a href="#summary">back to summary</a></p>
<h3 id="m15">com.AdityaGaur_3185083_SeleniumAssignment.test.LoginTest#blankLogin</h3><table class="result"><tr><th>Exception</th></tr><tr><td><div class="stacktrace">org.testng.TestNGException: 
Parameter &apos;blank&apos; is required by @Test on method blankLogin but has not been marked @Optional or defined
in C:\Users\adityagaur02\eclipse-workspace\AdityaGaur_3185083_SeleniumAssignment\testng.xml
	at java.base/java.util.ArrayList.forEach(ArrayList.java:1540)
... Removed 26 stack frames</div></td></tr></table><p class="totop"><a href="#summary">back to summary</a></p>
<h3 id="m16">com.AdityaGaur_3185083_SeleniumAssignment.test.LoginTest#validLogin</h3><table class="result"><tr><th>Exception</th></tr><tr><td><div class="stacktrace">org.testng.TestNGException: 
Parameter &apos;userName&apos; is required by @Test on method validLogin but has not been marked @Optional or defined
in C:\Users\adityagaur02\eclipse-workspace\AdityaGaur_3185083_SeleniumAssignment\testng.xml
	at java.base/java.util.ArrayList.forEach(ArrayList.java:1540)
... Removed 26 stack frames</div></td></tr></table><p class="totop"><a href="#summary">back to summary</a></p>
<h3 id="m17">com.AdityaGaur_3185083_SeleniumAssignment.test.RegistrationTest#InvalidRegistration</h3><table class="result"><tr><th>Exception</th></tr><tr><td><div class="stacktrace">org.testng.TestNGException: 
Parameter &apos;name&apos; is required by @Test on method InvalidRegistration but has not been marked @Optional or defined
in C:\Users\adityagaur02\eclipse-workspace\AdityaGaur_3185083_SeleniumAssignment\testng.xml
	at java.base/java.util.ArrayList.forEach(ArrayList.java:1540)
... Removed 26 stack frames</div></td></tr></table><p class="totop"><a href="#summary">back to summary</a></p>
<h3 id="m18">com.AdityaGaur_3185083_SeleniumAssignment.test.RegistrationTest#validRegistration</h3><table class="result"><tr><th>Exception</th></tr><tr><td><div class="stacktrace">org.testng.TestNGException: 
Parameter &apos;name&apos; is required by @Test on method validRegistration but has not been marked @Optional or defined
in C:\Users\adityagaur02\eclipse-workspace\AdityaGaur_3185083_SeleniumAssignment\testng.xml
	at java.base/java.util.ArrayList.forEach(ArrayList.java:1540)
... Removed 26 stack frames</div></td></tr></table><p class="totop"><a href="#summary">back to summary</a></p>
<h3 id="m19">com.AdityaGaur_3185083_SeleniumAssignment.test.LoginTest#waitTime</h3><table class="result"><tr><th class="invisible"/></tr></table><p class="totop"><a href="#summary">back to summary</a></p>
<h2>EdgeTest</h2><h3 id="m20">com.AdityaGaur_3185083_SeleniumAssignment.test.LoginTest#setup</h3><table class="result"><tr class="param"><th>Parameter #1</th></tr><tr class="param stripe"><td>Edge</td></tr><tr><th>Exception</th></tr><tr><td><div class="stacktrace">org.openqa.selenium.SessionNotCreatedException: session not created: This version of MSEdgeDriver only supports MSEdge version 99
Current browser version is 101.0.1210.39 with binary path C:\Program Files (x86)\Microsoft\Edge\Application\msedge.exe
Build info: version: &apos;3.141.59&apos;, revision: &apos;e82be7d358&apos;, time: &apos;2018-11-14T08:17:03&apos;
System info: host: &apos;IN-BLQ0BK3&apos;, ip: &apos;192.168.1.7&apos;, os.name: &apos;Windows 10&apos;, os.arch: &apos;amd64&apos;, os.version: &apos;10.0&apos;, java.version: &apos;11.0.1&apos;
Driver info: driver.version: EdgeDriver
remote stacktrace: Backtrace:
	Microsoft::Applications::Events::EventProperties::unpack [0x00007FF70E9F1932+25346]
	Microsoft::Applications::Events::time_ticks_t::time_ticks_t [0x00007FF70E92E992+515810]
	Ordinal0 [0x00007FF70E440BC5+658373]
	Ordinal0 [0x00007FF70E46B5E0+832992]
	Ordinal0 [0x00007FF70E466B7E+813950]
	Ordinal0 [0x00007FF70E4624EE+795886]
	Ordinal0 [0x00007FF70E49C366+1033062]
	Ordinal0 [0x00007FF70E496A53+1010259]
	Ordinal0 [0x00007FF70E46DB47+842567]
	Ordinal0 [0x00007FF70E46F018+847896]
	Microsoft::Applications::Events::EventProperty::to_string [0x00007FF70E5FF1C8+827304]
	Microsoft::Applications::Events::EventProperty::EventProperty [0x00007FF70E6E9389+34681]
	Microsoft::Applications::Events::EventProperty::EventProperty [0x00007FF70E6EC562+47442]
	Microsoft::Applications::Events::EventProperty::to_string [0x00007FF70E53C6D6+29878]
	Microsoft::Applications::Events::time_ticks_t::time_ticks_t [0x00007FF70E935981+544465]
	Microsoft::Applications::Events::time_ticks_t::time_ticks_t [0x00007FF70E93A984+564948]
	Microsoft::Applications::Events::time_ticks_t::time_ticks_t [0x00007FF70E93AADD+565293]
	Microsoft::Applications::Events::time_ticks_t::time_ticks_t [0x00007FF70E9448CE+605726]
	BaseThreadInitThunk [0x00007FF9C48654E0+16]
	RtlUserThreadStart [0x00007FF9C5DC485B+43]

	at org.openqa.selenium.remote.W3CHandshakeResponse.lambda$errorHandler$0(W3CHandshakeResponse.java:62)
	at org.openqa.selenium.remote.HandshakeResponse.lambda$getResponseFunction$0(HandshakeResponse.java:30)
	at org.openqa.selenium.remote.ProtocolHandshake.lambda$createSession$0(ProtocolHandshake.java:126)
	at java.base/java.util.stream.ReferencePipeline$3$1.accept(ReferencePipeline.java:195)
	at java.base/java.util.Spliterators$ArraySpliterator.tryAdvance(Spliterators.java:958)
	at java.base/java.util.stream.ReferencePipeline.forEachWithCancel(ReferencePipeline.java:127)
	at java.base/java.util.stream.AbstractPipeline.copyIntoWithCancel(AbstractPipeline.java:502)
	at java.base/java.util.stream.AbstractPipeline.copyInto(AbstractPipeline.java:488)
	at java.base/java.util.stream.AbstractPipeline.wrapAndCopyInto(AbstractPipeline.java:474)
	at java.base/java.util.stream.FindOps$FindOp.evaluateSequential(FindOps.java:150)
	at java.base/java.util.stream.AbstractPipeline.evaluate(AbstractPipeline.java:234)
	at java.base/java.util.stream.ReferencePipeline.findFirst(ReferencePipeline.java:543)
	at org.openqa.selenium.remote.ProtocolHandshake.createSession(ProtocolHandshake.java:128)
	at org.openqa.selenium.remote.ProtocolHandshake.createSession(ProtocolHandshake.java:74)
	at org.openqa.selenium.remote.HttpCommandExecutor.execute(HttpCommandExecutor.java:136)
	at org.openqa.selenium.remote.service.DriverCommandExecutor.execute(DriverCommandExecutor.java:83)
	at org.openqa.selenium.remote.RemoteWebDriver.execute(RemoteWebDriver.java:552)
	at org.openqa.selenium.remote.RemoteWebDriver.startSession(RemoteWebDriver.java:213)
	at org.openqa.selenium.remote.RemoteWebDriver.&lt;init&gt;(RemoteWebDriver.java:131)
	at org.openqa.selenium.edge.EdgeDriver.&lt;init&gt;(EdgeDriver.java:141)
	at org.openqa.selenium.edge.EdgeDriver.&lt;init&gt;(EdgeDriver.java:96)
	at com.AdityaGaur_3185083_SeleniumAssignment.test.BaseTest.setup(BaseTest.java:88)
... Removed 28 stack frames</div></td></tr></table><p class="totop"><a href="#summary">back to summary</a></p>
<h3 id="m21">com.AdityaGaur_3185083_SeleniumAssignment.test.Add2CartTest#Add2Cart</h3><table class="result"><tr><th>Exception</th></tr><tr><td><div class="stacktrace">org.testng.TestNGException: 
Parameter &apos;userName&apos; is required by @Test on method Add2Cart but has not been marked @Optional or defined
in C:\Users\adityagaur02\eclipse-workspace\AdityaGaur_3185083_SeleniumAssignment\testng.xml
	at java.base/java.util.ArrayList.forEach(ArrayList.java:1540)
... Removed 26 stack frames</div></td></tr></table><p class="totop"><a href="#summary">back to summary</a></p>
<h3 id="m22">com.AdityaGaur_3185083_SeleniumAssignment.test.Add2CartTest#RemoveFromCart</h3><table class="result"><tr><th>Exception</th></tr><tr><td><div class="stacktrace">org.testng.TestNGException: 
Parameter &apos;userName&apos; is required by @Test on method RemoveFromCart but has not been marked @Optional or defined
in C:\Users\adityagaur02\eclipse-workspace\AdityaGaur_3185083_SeleniumAssignment\testng.xml
	at java.base/java.util.ArrayList.forEach(ArrayList.java:1540)
... Removed 26 stack frames</div></td></tr></table><p class="totop"><a href="#summary">back to summary</a></p>
<h3 id="m23">com.AdityaGaur_3185083_SeleniumAssignment.test.HomePageTest#searchbox</h3><table class="result"><tr><th>Exception</th></tr><tr><td><div class="stacktrace">org.testng.TestNGException: 
Cannot inject @Test annotated Method [searchbox] with [class java.lang.String].
For more information on native dependency injection please refer to https://testng.org/doc/documentation-main.html#native-dependency-injection
	at java.base/java.util.ArrayList.forEach(ArrayList.java:1540)
... Removed 26 stack frames</div></td></tr></table><p class="totop"><a href="#summary">back to summary</a></p>
<h3 id="m24">com.AdityaGaur_3185083_SeleniumAssignment.test.LoginTest#InvalidEmail</h3><table class="result"><tr><th>Exception</th></tr><tr><td><div class="stacktrace">org.testng.TestNGException: 
Parameter &apos;invaliduserName&apos; is required by @Test on method InvalidEmail but has not been marked @Optional or defined
in C:\Users\adityagaur02\eclipse-workspace\AdityaGaur_3185083_SeleniumAssignment\testng.xml
	at java.base/java.util.ArrayList.forEach(ArrayList.java:1540)
... Removed 26 stack frames</div></td></tr></table><p class="totop"><a href="#summary">back to summary</a></p>
<h3 id="m25">com.AdityaGaur_3185083_SeleniumAssignment.test.LoginTest#Invalidpass</h3><table class="result"><tr><th>Exception</th></tr><tr><td><div class="stacktrace">org.testng.TestNGException: 
Parameter &apos;userName&apos; is required by @Test on method Invalidpass but has not been marked @Optional or defined
in C:\Users\adityagaur02\eclipse-workspace\AdityaGaur_3185083_SeleniumAssignment\testng.xml
	at java.base/java.util.ArrayList.forEach(ArrayList.java:1540)
... Removed 26 stack frames</div></td></tr></table><p class="totop"><a href="#summary">back to summary</a></p>
<h3 id="m26">com.AdityaGaur_3185083_SeleniumAssignment.test.LoginTest#blankLogin</h3><table class="result"><tr><th>Exception</th></tr><tr><td><div class="stacktrace">org.testng.TestNGException: 
Parameter &apos;blank&apos; is required by @Test on method blankLogin but has not been marked @Optional or defined
in C:\Users\adityagaur02\eclipse-workspace\AdityaGaur_3185083_SeleniumAssignment\testng.xml
	at java.base/java.util.ArrayList.forEach(ArrayList.java:1540)
... Removed 26 stack frames</div></td></tr></table><p class="totop"><a href="#summary">back to summary</a></p>
<h3 id="m27">com.AdityaGaur_3185083_SeleniumAssignment.test.LoginTest#validLogin</h3><table class="result"><tr><th>Exception</th></tr><tr><td><div class="stacktrace">org.testng.TestNGException: 
Parameter &apos;userName&apos; is required by @Test on method validLogin but has not been marked @Optional or defined
in C:\Users\adityagaur02\eclipse-workspace\AdityaGaur_3185083_SeleniumAssignment\testng.xml
	at java.base/java.util.ArrayList.forEach(ArrayList.java:1540)
... Removed 26 stack frames</div></td></tr></table><p class="totop"><a href="#summary">back to summary</a></p>
<h3 id="m28">com.AdityaGaur_3185083_SeleniumAssignment.test.RegistrationTest#InvalidRegistration</h3><table class="result"><tr><th>Exception</th></tr><tr><td><div class="stacktrace">org.testng.TestNGException: 
Parameter &apos;name&apos; is required by @Test on method InvalidRegistration but has not been marked @Optional or defined
in C:\Users\adityagaur02\eclipse-workspace\AdityaGaur_3185083_SeleniumAssignment\testng.xml
	at java.base/java.util.ArrayList.forEach(ArrayList.java:1540)
... Removed 26 stack frames</div></td></tr></table><p class="totop"><a href="#summary">back to summary</a></p>
<h3 id="m29">com.AdityaGaur_3185083_SeleniumAssignment.test.RegistrationTest#validRegistration</h3><table class="result"><tr><th>Exception</th></tr><tr><td><div class="stacktrace">org.testng.TestNGException: 
Parameter &apos;name&apos; is required by @Test on method validRegistration but has not been marked @Optional or defined
in C:\Users\adityagaur02\eclipse-workspace\AdityaGaur_3185083_SeleniumAssignment\testng.xml
	at java.base/java.util.ArrayList.forEach(ArrayList.java:1540)
... Removed 26 stack frames</div></td></tr></table><p class="totop"><a href="#summary">back to summary</a></p>
<h3 id="m30">com.AdityaGaur_3185083_SeleniumAssignment.test.LoginTest#endReport</h3><table class="result"><tr><th class="invisible"/></tr></table><p class="totop"><a href="#summary">back to summary</a></p>
<h3 id="m31">com.AdityaGaur_3185083_SeleniumAssignment.test.LoginTest#waitTime</h3><table class="result"><tr><th class="invisible"/></tr></table><p class="totop"><a href="#summary">back to summary</a></p>
</body>
</html>
